# JRE version: OpenJDK Runtime Environment (21.0.9) (build 21.0.9+-14787801-b1163.94)
# Java VM: OpenJDK 64-Bit Server VM (21.0.9+-14787801-b1163.94, mixed mode, tiered, compressed oops, compressed class ptrs, g1 gc, windows-amd64)
GC Precious Log:
 CardTable entry size: 512
 Card Set container configuration: InlinePtr #cards 4 size 8 Array Of Cards #cards 16 size 48 Howl #buckets 8 coarsen threshold 3686 Howl Bitmap #cards 512 size 80 coarsen threshold 460 Card regions per heap region 1 cards per card region 4096
 CPUs: 4 total, 4 available
 Memory: 8071M
 Large Page Support: Disabled
 NUMA Support: Disabled
 Compressed Oops: Enabled (Zero based)
 Heap Region Size: 2M
 Heap Min Capacity: 8M
 Heap Initial Capacity: 128M
 Heap Max Capacity: 4G
 Pre-touch: Disabled
 Parallel Workers: 4
 Concurrent Workers: 1
 Concurrent Refinement Workers: 4
 Periodic GC: Disabled
Heap:
 garbage-first heap   total 223232K, used 148363K [0x0000000700000000, 0x0000000800000000)
  region size 2048K, 3 young (6144K), 3 survivors (6144K)
 Metaspace       used 125061K, committed 127488K, reserved 1179648K
  class space    used 17620K, committed 18816K, reserved 1048576K
GC Heap History (20 events):
Event: 37.778 GC heap after
{Heap after GC invocations=34 (full 0):
 garbage-first heap   total 161792K, used 100702K [0x0000000700000000, 0x0000000800000000)
  region size 2048K, 3 young (6144K), 3 survivors (6144K)
 Metaspace       used 95957K, committed 98048K, reserved 1179648K
  class space    used 13235K, committed 14272K, reserved 1048576K
}
Event: 39.076 GC heap before
{Heap before GC invocations=34 (full 0):
 garbage-first heap   total 161792K, used 147806K [0x0000000700000000, 0x0000000800000000)
  region size 2048K, 26 young (53248K), 3 survivors (6144K)
 Metaspace       used 97996K, committed 100032K, reserved 1179648K
  class space    used 13513K, committed 14528K, reserved 1048576K
}
Event: 39.093 GC heap after
{Heap after GC invocations=35 (full 0):
 garbage-first heap   total 161792K, used 104038K [0x0000000700000000, 0x0000000800000000)
  region size 2048K, 4 young (8192K), 4 survivors (8192K)
 Metaspace       used 97996K, committed 100032K, reserved 1179648K
  class space    used 13513K, committed 14528K, reserved 1048576K
}
Event: 40.040 GC heap before
{Heap before GC invocations=35 (full 0):
 garbage-first heap   total 161792K, used 147046K [0x0000000700000000, 0x0000000800000000)
  region size 2048K, 25 young (51200K), 4 survivors (8192K)
 Metaspace       used 100101K, committed 102144K, reserved 1179648K
  class space    used 13798K, committed 14784K, reserved 1048576K
}
Event: 40.055 GC heap after
{Heap after GC invocations=36 (full 0):
 garbage-first heap   total 161792K, used 105574K [0x0000000700000000, 0x0000000800000000)
  region size 2048K, 3 young (6144K), 3 survivors (6144K)
 Metaspace       used 100101K, committed 102144K, reserved 1179648K
  class space    used 13798K, committed 14784K, reserved 1048576K
}
Event: 41.604 GC heap before
{Heap before GC invocations=37 (full 0):
 garbage-first heap   total 178176K, used 148582K [0x0000000700000000, 0x0000000800000000)
  region size 2048K, 24 young (49152K), 3 survivors (6144K)
 Metaspace       used 102864K, committed 105024K, reserved 1179648K
  class space    used 14257K, committed 15296K, reserved 1048576K
}
Event: 41.621 GC heap after
{Heap after GC invocations=38 (full 0):
 garbage-first heap   total 178176K, used 107198K [0x0000000700000000, 0x0000000800000000)
  region size 2048K, 2 young (4096K), 2 survivors (4096K)
 Metaspace       used 102864K, committed 105024K, reserved 1179648K
  class space    used 14257K, committed 15296K, reserved 1048576K
}
Event: 42.892 GC heap before
{Heap before GC invocations=38 (full 0):
 garbage-first heap   total 178176K, used 162494K [0x0000000700000000, 0x0000000800000000)
  region size 2048K, 29 young (59392K), 2 survivors (4096K)
 Metaspace       used 106742K, committed 108928K, reserved 1179648K
  class space    used 14907K, committed 16000K, reserved 1048576K
}
Event: 42.911 GC heap after
{Heap after GC invocations=39 (full 0):
 garbage-first heap   total 215040K, used 108187K [0x0000000700000000, 0x0000000800000000)
  region size 2048K, 3 young (6144K), 3 survivors (6144K)
 Metaspace       used 106742K, committed 108928K, reserved 1179648K
  class space    used 14907K, committed 16000K, reserved 1048576K
}
Event: 45.496 GC heap before
{Heap before GC invocations=39 (full 0):
 garbage-first heap   total 215040K, used 190107K [0x0000000700000000, 0x0000000800000000)
  region size 2048K, 44 young (90112K), 3 survivors (6144K)
 Metaspace       used 111911K, committed 114176K, reserved 1179648K
  class space    used 15691K, committed 16768K, reserved 1048576K
}
Event: 45.517 GC heap after
{Heap after GC invocations=40 (full 0):
 garbage-first heap   total 215040K, used 112556K [0x0000000700000000, 0x0000000800000000)
  region size 2048K, 5 young (10240K), 5 survivors (10240K)
 Metaspace       used 111911K, committed 114176K, reserved 1179648K
  class space    used 15691K, committed 16768K, reserved 1048576K
}
Event: 47.648 GC heap before
{Heap before GC invocations=40 (full 0):
 garbage-first heap   total 215040K, used 196524K [0x0000000700000000, 0x0000000800000000)
  region size 2048K, 46 young (94208K), 5 survivors (10240K)
 Metaspace       used 118010K, committed 120192K, reserved 1179648K
  class space    used 16543K, committed 17600K, reserved 1048576K
}
Event: 47.691 GC heap after
{Heap after GC invocations=41 (full 0):
 garbage-first heap   total 215040K, used 116810K [0x0000000700000000, 0x0000000800000000)
  region size 2048K, 6 young (12288K), 6 survivors (12288K)
 Metaspace       used 118010K, committed 120192K, reserved 1179648K
  class space    used 16543K, committed 17600K, reserved 1048576K
}
Event: 49.106 GC heap before
{Heap before GC invocations=41 (full 0):
 garbage-first heap   total 215040K, used 196682K [0x0000000700000000, 0x0000000800000000)
  region size 2048K, 45 young (92160K), 6 survivors (12288K)
 Metaspace       used 119197K, committed 121408K, reserved 1179648K
  class space    used 16710K, committed 17792K, reserved 1048576K
}
Event: 49.152 GC heap after
{Heap after GC invocations=42 (full 0):
 garbage-first heap   total 221184K, used 128445K [0x0000000700000000, 0x0000000800000000)
  region size 2048K, 6 young (12288K), 6 survivors (12288K)
 Metaspace       used 119197K, committed 121408K, reserved 1179648K
  class space    used 16710K, committed 17792K, reserved 1048576K
}
Event: 51.822 GC heap before
{Heap before GC invocations=43 (full 0):
 garbage-first heap   total 221184K, used 200125K [0x0000000700000000, 0x0000000800000000)
  region size 2048K, 41 young (83968K), 6 survivors (12288K)
 Metaspace       used 121376K, committed 123648K, reserved 1179648K
  class space    used 16950K, committed 18048K, reserved 1048576K
}
Event: 51.876 GC heap after
{Heap after GC invocations=44 (full 0):
 garbage-first heap   total 223232K, used 137659K [0x0000000700000000, 0x0000000800000000)
  region size 2048K, 4 young (8192K), 4 survivors (8192K)
 Metaspace       used 121376K, committed 123648K, reserved 1179648K
  class space    used 16950K, committed 18048K, reserved 1048576K
}
Event: 53.634 GC heap before
{Heap before GC invocations=44 (full 0):
 garbage-first heap   total 223232K, used 201147K [0x0000000700000000, 0x0000000800000000)
  region size 2048K, 36 young (73728K), 4 survivors (8192K)
 Metaspace       used 125015K, committed 127488K, reserved 1179648K
  class space    used 17618K, committed 18816K, reserved 1048576K
}
Event: 53.727 GC heap after
{Heap after GC invocations=45 (full 0):
 garbage-first heap   total 223232K, used 142823K [0x0000000700000000, 0x0000000800000000)
  region size 2048K, 4 young (8192K), 4 survivors (8192K)
 Metaspace       used 125015K, committed 127488K, reserved 1179648K
  class space    used 17618K, committed 18816K, reserved 1048576K
}
Event: 55.723 GC heap before
{Heap before GC invocations=45 (full 0):
 garbage-first heap   total 223232K, used 200167K [0x0000000700000000, 0x0000000800000000)
  region size 2048K, 33 young (67584K), 4 survivors (8192K)
 Metaspace       used 125061K, committed 127488K, reserved 1179648K
  class space    used 17620K, committed 18816K, reserved 1048576K
}

